p/pos_image_2500.jpg 1 0 0 2848 4288
p/pos_image_2499.jpg 1 0 0 736 1103
p/pos_image_2498.jpg 1 0 0 465 500
p/pos_image_2497.jpg 1 0 0 480 360
p/pos_image_2496.jpg 1 0 0 736 1035
p/pos_image_2495.jpg 1 0 0 2000 3000
p/pos_image_2494.jpg 1 0 0 2832 2832
p/pos_image_2493.jpg 1 0 0 2592 3888
p/pos_image_2491.jpg 1 0 0 736 1056
p/pos_image_2489.jpg 1 0 0 566 822
p/pos_image_2488.jpg 1 0 0 1024 768
p/pos_image_2487.jpg 1 0 0 1184 1424
p/pos_image_2486.jpg 1 0 0 600 900
p/pos_image_2485.jpg 1 0 0 681 1024
p/pos_image_2484.jpg 1 0 0 467 700
p/pos_image_2483.jpg 1 0 0 500 749
p/pos_image_2482.jpg 1 0 0 566 720
p/pos_image_2481.jpg 1 0 0 600 800
p/pos_image_2478.jpg 1 0 0 1600 1155
p/pos_image_2477.jpg 1 0 0 413 550
p/pos_image_2476.jpg 1 0 0 608 912
p/pos_image_2475.jpg 1 0 0 1300 1194
p/pos_image_2474.jpg 1 0 0 740 493
p/pos_image_2473.jpg 1 0 0 2122 1415
p/pos_image_2472.jpg 1 0 0 1500 1500
p/pos_image_2471.jpg 1 0 0 236 354
p/pos_image_2470.jpg 1 0 0 3280 3280
p/pos_image_2469.jpg 1 0 0 600 750
p/pos_image_2466.jpg 1 0 0 1600 2400
p/pos_image_2465.jpg 1 0 0 736 1104
p/pos_image_2464.jpg 1 0 0 487 651
p/pos_image_2463.jpg 1 0 0 619 900
p/pos_image_2462.jpg 1 0 0 736 984
p/pos_image_2461.jpg 1 0 0 650 975
p/pos_image_2460.jpg 1 0 0 958 1300
p/pos_image_2459.jpg 1 0 0 320 478
p/pos_image_2458.jpg 1 0 0 736 919
p/pos_image_2456.jpg 1 0 0 690 1038
p/pos_image_2454.jpg 1 0 0 664 886
p/pos_image_2453.jpg 1 0 0 852 480
p/pos_image_2452.jpg 1 0 0 2218 2216
p/pos_image_2451.jpg 1 0 0 1485 2160
p/pos_image_2450.jpg 1 0 0 707 1000
p/pos_image_2449.jpg 1 0 0 933 1400
p/pos_image_2448.jpg 1 0 0 640 360
p/pos_image_2447.jpg 1 0 0 800 1000
p/pos_image_2445.jpg 1 0 0 897 1119
p/pos_image_2444.jpg 1 0 0 500 622
p/pos_image_2442.jpg 1 0 0 750 1128
p/pos_image_2441.jpg 1 0 0 625 833
p/pos_image_2440.jpg 1 0 0 1019 611
p/pos_image_2439.jpg 1 0 0 440 586
p/pos_image_2438.jpg 1 0 0 2588 3593
p/pos_image_2437.jpg 1 0 0 1080 1440
p/pos_image_2436.jpg 1 0 0 736 1074
p/pos_image_2434.jpg 1 0 0 1600 900
p/pos_image_2433.jpg 1 0 0 800 1200
p/pos_image_2432.jpg 1 0 0 600 900
p/pos_image_2430.jpg 1 0 0 500 676
p/pos_image_2429.jpg 1 0 0 736 1030
p/pos_image_2428.jpg 1 0 0 2048 1366
p/pos_image_2427.jpg 1 0 0 1080 1920
p/pos_image_2426.jpg 1 0 0 2695 4059
p/pos_image_2425.jpg 1 0 0 1500 1000
p/pos_image_2423.jpg 1 0 0 236 328
p/pos_image_2422.jpg 1 0 0 684 1024
p/pos_image_2421.jpg 1 0 0 1300 909
p/pos_image_2420.jpg 1 0 0 720 720
p/pos_image_2418.jpg 1 0 0 1125 1389
p/pos_image_2417.jpg 1 0 0 580 774
p/pos_image_2416.jpg 1 0 0 736 891
p/pos_image_2415.jpg 1 0 0 695 900
p/pos_image_2414.jpg 1 0 0 640 360
p/pos_image_2412.jpg 1 0 0 560 700
p/pos_image_2411.jpg 1 0 0 236 304
p/pos_image_2410.jpg 1 0 0 540 619
p/pos_image_2409.jpg 1 0 0 800 532
p/pos_image_2408.jpg 1 0 0 736 1085
p/pos_image_2406.jpg 1 0 0 736 1029
p/pos_image_2405.jpg 1 0 0 736 1105
p/pos_image_2404.jpg 1 0 0 750 1277
p/pos_image_2403.jpg 1 0 0 600 901
p/pos_image_2401.jpg 1 0 0 1130 1300
p/pos_image_2400.jpg 1 0 0 500 700
p/pos_image_2399.jpg 1 0 0 1365 2048
p/pos_image_2398.jpg 1 0 0 320 320
p/pos_image_2397.jpg 1 0 0 682 1024
p/pos_image_2396.jpg 1 0 0 320 400
p/pos_image_2394.jpg 1 0 0 682 1024
p/pos_image_2393.jpg 1 0 0 500 720
p/pos_image_2392.jpg 1 0 0 852 480
p/pos_image_2389.jpg 1 0 0 2000 1000
p/pos_image_2388.jpg 1 0 0 736 1076
p/pos_image_2387.jpg 1 0 0 681 1000
p/pos_image_2386.jpg 1 0 0 666 999
p/pos_image_2385.jpg 1 0 0 1670 2337
p/pos_image_2384.jpg 1 0 0 546 819
p/pos_image_2383.jpg 1 0 0 675 900
p/pos_image_2380.jpg 1 0 0 700 1050
p/pos_image_2378.jpg 1 0 0 768 960
p/pos_image_2377.jpg 1 0 0 955 1300
p/pos_image_2376.jpg 1 0 0 736 1029
p/pos_image_2375.jpg 1 0 0 704 396
p/pos_image_2374.jpg 1 0 0 700 1050
p/pos_image_2373.jpg 1 0 0 736 1105
p/pos_image_2372.jpg 1 0 0 314 263
p/pos_image_2371.jpg 1 0 0 3000 4000
p/pos_image_2370.jpg 1 0 0 2588 1899
p/pos_image_2367.jpg 1 0 0 333 500
p/pos_image_2366.jpg 1 0 0 564 790
p/pos_image_2365.jpg 1 0 0 474 411
p/pos_image_2364.jpg 1 0 0 1536 2312
p/pos_image_2363.jpg 1 0 0 1080 1350
p/pos_image_2362.jpg 1 0 0 999 1333
p/pos_image_2361.jpg 1 0 0 540 809
p/pos_image_2360.jpg 1 0 0 1200 1736
p/pos_image_2359.jpg 1 0 0 953 1300
p/pos_image_2358.jpg 1 0 0 735 1027
p/pos_image_2355.jpg 1 0 0 736 920
p/pos_image_2354.jpg 1 0 0 400 533
p/pos_image_2353.jpg 1 0 0 1600 1067
p/pos_image_2352.jpg 1 0 0 736 1105
p/pos_image_2351.jpg 1 0 0 736 1104
p/pos_image_2350.jpg 1 0 0 736 1035
p/pos_image_2349.jpg 1 0 0 1024 1438
p/pos_image_2348.jpg 1 0 0 1018 1300
p/pos_image_2347.jpg 1 0 0 600 804
p/pos_image_2345.jpg 1 0 0 1180 1773
p/pos_image_2343.jpg 1 0 0 1300 1065
p/pos_image_2342.jpg 1 0 0 4912 4912
p/pos_image_2341.jpg 1 0 0 1200 1763
p/pos_image_2340.jpg 1 0 0 640 799
p/pos_image_2339.jpg 1 0 0 736 1104
p/pos_image_2338.jpg 1 0 0 850 975
p/pos_image_2337.jpg 1 0 0 928 1302
p/pos_image_2336.jpg 1 0 0 961 1280
p/pos_image_2334.jpg 1 0 0 746 900
p/pos_image_2333.jpg 1 0 0 1920 1200
p/pos_image_2331.jpg 1 0 0 822 1024
p/pos_image_2330.jpg 1 0 0 620 408
p/pos_image_2329.jpg 1 0 0 736 846
p/pos_image_2328.jpg 1 0 0 1024 1280
p/pos_image_2327.jpg 1 0 0 2700 4057
p/pos_image_2326.jpg 1 0 0 766 1000
p/pos_image_2325.jpg 1 0 0 736 981
p/pos_image_2323.jpg 1 0 0 736 1177
p/pos_image_2322.jpg 1 0 0 1280 1600
p/pos_image_2321.jpg 1 0 0 736 981
p/pos_image_2319.jpg 1 0 0 960 640
p/pos_image_2318.jpg 1 0 0 427 640
p/pos_image_2317.jpg 1 0 0 960 640
p/pos_image_2316.jpg 1 0 0 1600 1067
p/pos_image_2315.jpg 1 0 0 1275 1650
p/pos_image_2314.jpg 1 0 0 728 931
p/pos_image_2312.jpg 1 0 0 450 385
p/pos_image_2311.jpg 1 0 0 640 640
p/pos_image_2310.jpg 1 0 0 600 604
p/pos_image_2309.jpg 1 0 0 236 337
p/pos_image_2307.jpg 1 0 0 1600 2400
p/pos_image_2306.jpg 1 0 0 1600 1000
p/pos_image_2305.jpg 1 0 0 852 480
p/pos_image_2304.jpg 1 0 0 1001 1600
p/pos_image_2303.jpg 1 0 0 500 694
p/pos_image_2301.jpg 1 0 0 725 483
p/pos_image_2300.jpg 1 0 0 1280 1024
p/pos_image_2299.jpg 1 0 0 534 800
p/pos_image_2298.jpg 1 0 0 1300 957
p/pos_image_2297.jpg 1 0 0 337 450
p/pos_image_2295.jpg 1 0 0 1711 1140
p/pos_image_2294.jpg 1 0 0 400 520
p/pos_image_2293.jpg 1 0 0 1280 720
p/pos_image_2292.jpg 1 0 0 736 1035
p/pos_image_2290.jpg 1 0 0 605 900
p/pos_image_2289.jpg 1 0 0 533 768
p/pos_image_2288.jpg 1 0 0 320 320
p/pos_image_2287.jpg 1 0 0 1200 800
p/pos_image_2286.jpg 1 0 0 1500 2250
p/pos_image_2285.jpg 1 0 0 800 1000
p/pos_image_2283.jpg 1 0 0 427 640
p/pos_image_2282.jpg 1 0 0 1280 720
p/pos_image_2281.jpg 1 0 0 425 639
p/pos_image_2278.jpg 1 0 0 957 1300
p/pos_image_2277.jpg 1 0 0 2016 3040
p/pos_image_2276.jpg 1 0 0 1600 1200
p/pos_image_2275.jpg 1 0 0 736 1104
p/pos_image_2274.jpg 1 0 0 300 450
p/pos_image_2273.jpg 1 0 0 400 523
p/pos_image_2272.jpg 1 0 0 236 358
p/pos_image_2270.jpg 1 0 0 1400 1929
p/pos_image_2269.jpg 1 0 0 736 1104
p/pos_image_2267.jpg 1 0 0 2815 2330
p/pos_image_2266.jpg 1 0 0 500 750
p/pos_image_2265.jpg 1 0 0 329 501
p/pos_image_2264.jpg 1 0 0 3456 2304
p/pos_image_2263.jpg 1 0 0 500 750
p/pos_image_2262.jpg 1 0 0 1920 1080
p/pos_image_2261.jpg 1 0 0 320 478
p/pos_image_2260.jpg 1 0 0 1180 788
p/pos_image_2256.jpg 1 0 0 736 1104
p/pos_image_2255.jpg 1 0 0 736 1026
p/pos_image_2254.jpg 1 0 0 957 1300
p/pos_image_2253.jpg 1 0 0 1125 1600
p/pos_image_2252.jpg 1 0 0 801 1135
p/pos_image_2251.jpg 1 0 0 640 640
p/pos_image_2250.jpg 1 0 0 480 320
p/pos_image_2249.jpg 1 0 0 700 1050
p/pos_image_2248.jpg 1 0 0 427 640
p/pos_image_2247.jpg 1 0 0 1200 900
p/pos_image_2244.jpg 1 0 0 650 867
p/pos_image_2243.jpg 1 0 0 1024 1024
p/pos_image_2242.jpg 1 0 0 736 1104
p/pos_image_2241.jpg 1 0 0 428 600
p/pos_image_2240.jpg 1 0 0 1711 1140
p/pos_image_2239.jpg 1 0 0 957 1300
p/pos_image_2238.jpg 1 0 0 404 550
p/pos_image_2237.jpg 1 0 0 736 1104
p/pos_image_2236.jpg 1 0 0 480 640
p/pos_image_2234.jpg 1 0 0 683 1024
p/pos_image_2232.jpg 1 0 0 1920 1080
p/pos_image_2231.jpg 1 0 0 500 350
p/pos_image_2230.jpg 1 0 0 957 1300
p/pos_image_2229.jpg 1 0 0 600 900
p/pos_image_2228.jpg 1 0 0 2048 1514
p/pos_image_2227.jpg 1 0 0 748 1000
p/pos_image_2226.jpg 1 0 0 500 667
p/pos_image_2225.jpg 1 0 0 1372 1920
p/pos_image_2223.jpg 1 0 0 736 1104
p/pos_image_2222.jpg 1 0 0 1125 2436
p/pos_image_2220.jpg 1 0 0 1486 1500
p/pos_image_2219.jpg 1 0 0 801 1135
p/pos_image_2218.jpg 1 0 0 313 450
p/pos_image_2217.jpg 1 0 0 640 960
p/pos_image_2216.jpg 1 0 0 736 1052
p/pos_image_2215.jpg 1 0 0 699 1000
p/pos_image_2214.jpg 1 0 0 683 1024
p/pos_image_2212.jpg 1 0 0 736 1070
p/pos_image_2211.jpg 1 0 0 1000 666
p/pos_image_2210.jpg 1 0 0 736 1012
p/pos_image_2208.jpg 1 0 0 598 750
p/pos_image_2207.jpg 1 0 0 4000 6000
p/pos_image_2206.jpg 1 0 0 1280 720
p/pos_image_2205.jpg 1 0 0 500 767
p/pos_image_2204.jpg 1 0 0 2121 1414
p/pos_image_2203.jpg 1 0 0 600 900
p/pos_image_2201.jpg 1 0 0 736 1104
p/pos_image_2200.jpg 1 0 0 736 1030
p/pos_image_2199.jpg 1 0 0 930 1280
p/pos_image_2198.jpg 1 0 0 1920 1080
p/pos_image_2196.jpg 1 0 0 682 1024
p/pos_image_2195.jpg 1 0 0 1920 1200
p/pos_image_2194.jpg 1 0 0 400 600
p/pos_image_2193.jpg 1 0 0 736 919
p/pos_image_2192.jpg 1 0 0 801 1112
p/pos_image_2190.jpg 1 0 0 700 700
p/pos_image_2189.jpg 1 0 0 570 788
p/pos_image_2188.jpg 1 0 0 600 900
p/pos_image_2187.jpg 1 0 0 600 804
p/pos_image_2186.jpg 1 0 0 402 640
p/pos_image_2184.jpg 1 0 0 750 921
p/pos_image_2183.jpg 1 0 0 600 600
p/pos_image_2182.jpg 1 0 0 333 500
p/pos_image_2181.jpg 1 0 0 480 360
p/pos_image_2179.jpg 1 0 0 865 1300
p/pos_image_2178.jpg 1 0 0 1008 1008
p/pos_image_2177.jpg 1 0 0 408 612
p/pos_image_2176.jpg 1 0 0 533 800
p/pos_image_2175.jpg 1 0 0 600 831
p/pos_image_2174.jpg 1 0 0 333 499
p/pos_image_2172.jpg 1 0 0 236 354
p/pos_image_2171.jpg 1 0 0 570 775
p/pos_image_2170.jpg 1 0 0 550 782
p/pos_image_2167.jpg 1 0 0 2999 3749
p/pos_image_2166.jpg 1 0 0 700 1024
p/pos_image_2165.jpg 1 0 0 1000 1277
p/pos_image_2164.jpg 1 0 0 644 900
p/pos_image_2163.jpg 1 0 0 1558 2500
p/pos_image_2162.jpg 1 0 0 611 900
p/pos_image_2161.jpg 1 0 0 596 900
p/pos_image_2159.jpg 1 0 0 779 1025
p/pos_image_2158.jpg 1 0 0 736 1112
p/pos_image_2156.jpg 1 0 0 976 899
p/pos_image_2155.jpg 1 0 0 361 500
p/pos_image_2154.jpg 1 0 0 2400 3600
p/pos_image_2153.jpg 1 0 0 700 1024
p/pos_image_2152.jpg 1 0 0 333 499
p/pos_image_2151.jpg 1 0 0 2119 3183
p/pos_image_2150.jpg 1 0 0 458 655
p/pos_image_2149.jpg 1 0 0 736 736
p/pos_image_2147.jpg 1 0 0 1024 768
p/pos_image_2145.jpg 1 0 0 379 500
p/pos_image_2144.jpg 1 0 0 480 360
p/pos_image_2143.jpg 1 0 0 865 1300
p/pos_image_2142.jpg 1 0 0 333 500
p/pos_image_2141.jpg 1 0 0 361 500
p/pos_image_2140.jpg 1 0 0 608 900
p/pos_image_2139.jpg 1 0 0 1024 862
p/pos_image_2138.jpg 1 0 0 600 900
p/pos_image_2137.jpg 1 0 0 333 499
p/pos_image_2133.jpg 1 0 0 960 643
p/pos_image_2132.jpg 1 0 0 720 1024
p/pos_image_2131.jpg 1 0 0 733 1170
p/pos_image_2130.jpg 1 0 0 2999 3749
p/pos_image_2129.jpg 1 0 0 500 678
p/pos_image_2128.jpg 1 0 0 400 419
p/pos_image_2127.jpg 1 0 0 1000 1277
p/pos_image_2126.jpg 1 0 0 888 1050
p/pos_image_2125.jpg 1 0 0 915 915
p/pos_image_2123.jpg 1 0 0 1500 1875
p/pos_image_2121.jpg 1 0 0 640 960
p/pos_image_2120.jpg 1 0 0 4000 5000
p/pos_image_2119.jpg 1 0 0 564 436
p/pos_image_2118.jpg 1 0 0 706 800
p/pos_image_2117.jpg 1 0 0 428 640
p/pos_image_2116.jpg 1 0 0 960 960
p/pos_image_2115.jpg 1 0 0 524 600
p/pos_image_2114.jpg 1 0 0 540 789
p/pos_image_2112.jpg 1 0 0 736 1104
p/pos_image_2111.jpg 1 0 0 550 908
p/pos_image_2109.jpg 1 0 0 3456 5184
p/pos_image_2108.jpg 1 0 0 679 1000
p/pos_image_2107.jpg 1 0 0 199 320
p/pos_image_2106.jpg 1 0 0 3648 5472
p/pos_image_2105.jpg 1 0 0 1024 1024
p/pos_image_2104.jpg 1 0 0 236 354
p/pos_image_2103.jpg 1 0 0 408 612
p/pos_image_2101.jpg 1 0 0 480 720
p/pos_image_2100.jpg 1 0 0 600 831
p/pos_image_2099.jpg 1 0 0 3648 5472
p/pos_image_2097.jpg 1 0 0 463 668
p/pos_image_2096.jpg 1 0 0 774 1161
p/pos_image_2095.jpg 1 0 0 5472 3080
p/pos_image_2094.jpg 1 0 0 611 900
p/pos_image_2093.jpg 1 0 0 627 1024
p/pos_image_2092.jpg 1 0 0 1200 1792
p/pos_image_2090.jpg 1 0 0 863 1390
p/pos_image_2089.jpg 1 0 0 644 900
p/pos_image_2088.jpg 1 0 0 3168 4752
p/pos_image_2087.jpg 1 0 0 460 600
p/pos_image_2085.jpg 1 0 0 2999 3749
p/pos_image_2084.jpg 1 0 0 236 282
p/pos_image_2083.jpg 1 0 0 685 750
p/pos_image_2082.jpg 1 0 0 480 320
p/pos_image_2081.jpg 1 0 0 1200 1206
p/pos_image_2079.jpg 1 0 0 442 500
p/pos_image_2078.jpg 1 0 0 1008 1008
p/pos_image_2077.jpg 1 0 0 236 354
p/pos_image_2076.jpg 1 0 0 736 1104
p/pos_image_2075.jpg 1 0 0 553 816
p/pos_image_2073.jpg 1 0 0 820 656
p/pos_image_2072.jpg 1 0 0 788 1050
p/pos_image_2071.jpg 1 0 0 236 354
p/pos_image_2070.jpg 1 0 0 736 1104
p/pos_image_2068.jpg 1 0 0 400 536
p/pos_image_2067.jpg 1 0 0 1008 1008
p/pos_image_2066.jpg 1 0 0 442 500
p/pos_image_2065.jpg 1 0 0 810 1080
p/pos_image_2064.jpg 1 0 0 480 599
p/pos_image_2063.jpg 1 0 0 236 354
p/pos_image_2061.jpg 1 0 0 480 640
p/pos_image_2060.jpg 1 0 0 500 750
p/pos_image_2059.jpg 1 0 0 500 750
p/pos_image_2056.jpg 1 0 0 736 1106
p/pos_image_2055.jpg 1 0 0 736 1104
p/pos_image_2054.jpg 1 0 0 1280 1024
p/pos_image_2053.jpg 1 0 0 736 1026
p/pos_image_2052.jpg 1 0 0 660 950
p/pos_image_2051.jpg 1 0 0 736 1104
p/pos_image_2050.jpg 1 0 0 3755 2647
p/pos_image_2048.jpg 1 0 0 495 700
p/pos_image_2047.jpg 1 0 0 333 500
p/pos_image_2045.jpg 1 0 0 640 960
p/pos_image_2044.jpg 1 0 0 500 750
p/pos_image_2043.jpg 1 0 0 736 1104
p/pos_image_2042.jpg 1 0 0 506 795
p/pos_image_2041.jpg 1 0 0 504 756
p/pos_image_2040.jpg 1 0 0 341 484
p/pos_image_2039.jpg 1 0 0 720 1080
p/pos_image_2038.jpg 1 0 0 480 722
p/pos_image_2036.jpg 1 0 0 1080 1350
p/pos_image_2034.jpg 1 0 0 667 1000
p/pos_image_2033.jpg 1 0 0 460 640
p/pos_image_2032.jpg 1 0 0 1024 683
p/pos_image_2031.jpg 1 0 0 736 981
p/pos_image_2030.jpg 1 0 0 707 1000
p/pos_image_2029.jpg 1 0 0 570 775
p/pos_image_2028.jpg 1 0 0 1367 2468
p/pos_image_2027.jpg 1 0 0 683 1024
p/pos_image_2026.jpg 1 0 0 736 1103
p/pos_image_2023.jpg 1 0 0 620 835
p/pos_image_2022.jpg 1 0 0 1280 1707
p/pos_image_2021.jpg 1 0 0 500 740
p/pos_image_2020.jpg 1 0 0 236 378
p/pos_image_2019.jpg 1 0 0 1080 1720
p/pos_image_2018.jpg 1 0 0 750 937
p/pos_image_2017.jpg 1 0 0 736 1105
p/pos_image_2016.jpg 1 0 0 497 750
p/pos_image_2015.jpg 1 0 0 736 1105
p/pos_image_2014.jpg 1 0 0 500 750
p/pos_image_2010.jpg 1 0 0 1200 844
p/pos_image_2009.jpg 1 0 0 564 1001
p/pos_image_2008.jpg 1 0 0 499 750
p/pos_image_2007.jpg 1 0 0 866 1390
p/pos_image_2006.jpg 1 0 0 1200 1567
p/pos_image_2005.jpg 1 0 0 480 360
p/pos_image_2004.jpg 1 0 0 1000 1533
p/pos_image_2003.jpg 1 0 0 500 750
p/pos_image_2001.jpg 1 0 0 736 922
p/pos_image_2000.jpg 1 0 0 233 350
p/pos_image_1998.jpg 1 0 0 564 830
p/pos_image_1997.jpg 1 0 0 955 1300
p/pos_image_1996.jpg 1 0 0 1000 1551
p/pos_image_1995.jpg 1 0 0 498 750
p/pos_image_1994.jpg 1 0 0 1638 2048
p/pos_image_1993.jpg 1 0 0 2504 3336
p/pos_image_1992.jpg 1 0 0 736 1104
p/pos_image_1990.jpg 1 0 0 736 1030
p/pos_image_1989.jpg 1 0 0 450 703
p/pos_image_1988.jpg 1 0 0 640 828
p/pos_image_1986.jpg 1 0 0 1280 1920
p/pos_image_1985.jpg 1 0 0 861 1300
p/pos_image_1984.jpg 1 0 0 1800 1394
p/pos_image_1983.jpg 1 0 0 320 400
p/pos_image_1982.jpg 1 0 0 600 899
p/pos_image_1981.jpg 1 0 0 640 640
p/pos_image_1979.jpg 1 0 0 500 668
p/pos_image_1978.jpg 1 0 0 318 500
p/pos_image_1977.jpg 1 0 0 533 800
p/pos_image_1976.jpg 1 0 0 255 370
p/pos_image_1974.jpg 1 0 0 1280 1803
p/pos_image_1973.jpg 1 0 0 500 750
p/pos_image_1972.jpg 1 0 0 533 800
p/pos_image_1971.jpg 1 0 0 731 1349
p/pos_image_1970.jpg 1 0 0 1280 1561
p/pos_image_1968.jpg 1 0 0 716 895
p/pos_image_1967.jpg 1 0 0 1000 1412
p/pos_image_1966.jpg 1 0 0 1080 1350
p/pos_image_1965.jpg 1 0 0 1280 1920
p/pos_image_1964.jpg 1 0 0 1500 2250
p/pos_image_1962.jpg 1 0 0 626 680
p/pos_image_1961.jpg 1 0 0 782 1092
p/pos_image_1960.jpg 1 0 0 1392 2179
p/pos_image_1959.jpg 1 0 0 494 640
p/pos_image_1957.jpg 1 0 0 620 827
p/pos_image_1956.jpg 1 0 0 500 740
p/pos_image_1955.jpg 1 0 0 1412 1600
p/pos_image_1954.jpg 1 0 0 1300 951
p/pos_image_1953.jpg 1 0 0 736 920
p/pos_image_1952.jpg 1 0 0 736 1103
p/pos_image_1950.jpg 1 0 0 960 960
p/pos_image_1949.jpg 1 0 0 500 500
p/pos_image_1948.jpg 1 0 0 276 365
p/pos_image_1945.jpg 1 0 0 640 734
p/pos_image_1944.jpg 1 0 0 770 1080
p/pos_image_1943.jpg 1 0 0 712 950
p/pos_image_1942.jpg 1 0 0 800 1200
p/pos_image_1941.jpg 1 0 0 777 1165
p/pos_image_1940.jpg 1 0 0 194 259
p/pos_image_1939.jpg 1 0 0 640 762
p/pos_image_1937.jpg 1 0 0 736 937
p/pos_image_1936.jpg 1 0 0 540 807
p/pos_image_1934.jpg 1 0 0 500 706
p/pos_image_1933.jpg 1 0 0 1200 1800
p/pos_image_1932.jpg 1 0 0 800 600
p/pos_image_1931.jpg 1 0 0 400 533
p/pos_image_1930.jpg 1 0 0 1080 1350
p/pos_image_1929.jpg 1 0 0 600 905
p/pos_image_1928.jpg 1 0 0 1080 1349
p/pos_image_1927.jpg 1 0 0 700 1000
p/pos_image_1925.jpg 1 0 0 1024 862
p/pos_image_1923.jpg 1 0 0 721 923
p/pos_image_1922.jpg 1 0 0 662 932
p/pos_image_1921.jpg 1 0 0 750 1024
p/pos_image_1920.jpg 1 0 0 450 600
p/pos_image_1919.jpg 1 0 0 2048 3072
p/pos_image_1918.jpg 1 0 0 600 900
p/pos_image_1917.jpg 1 0 0 623 350
p/pos_image_1916.jpg 1 0 0 685 1024
p/pos_image_1915.jpg 1 0 0 736 981
p/pos_image_1912.jpg 1 0 0 612 886
p/pos_image_1911.jpg 1 0 0 683 1024
p/pos_image_1910.jpg 1 0 0 529 720
p/pos_image_1909.jpg 1 0 0 1125 1909
p/pos_image_1908.jpg 1 0 0 640 799
p/pos_image_1907.jpg 1 0 0 537 810
p/pos_image_1906.jpg 1 0 0 500 750
p/pos_image_1905.jpg 1 0 0 597 850
p/pos_image_1904.jpg 1 0 0 1500 1255
p/pos_image_1903.jpg 1 0 0 960 957
p/pos_image_1900.jpg 1 0 0 736 1104
p/pos_image_1899.jpg 1 0 0 500 750
p/pos_image_1898.jpg 1 0 0 1280 1920
p/pos_image_1897.jpg 1 0 0 736 939
p/pos_image_1896.jpg 1 0 0 479 720
p/pos_image_1895.jpg 1 0 0 533 720
p/pos_image_1894.jpg 1 0 0 481 700
p/pos_image_1893.jpg 1 0 0 953 1300
p/pos_image_1892.jpg 1 0 0 524 719
p/pos_image_1890.jpg 1 0 0 236 344
p/pos_image_1887.jpg 1 0 0 825 1446
p/pos_image_1886.jpg 1 0 0 1001 1600
p/pos_image_1885.jpg 1 0 0 640 640
p/pos_image_1884.jpg 1 0 0 1200 1798
p/pos_image_1883.jpg 1 0 0 600 784
p/pos_image_1882.jpg 1 0 0 533 800
p/pos_image_1881.jpg 1 0 0 460 468
p/pos_image_1879.jpg 1 0 0 500 750
p/pos_image_1878.jpg 1 0 0 681 1024
p/pos_image_1877.jpg 1 0 0 573 860
p/pos_image_1875.jpg 1 0 0 495 720
p/pos_image_1874.jpg 1 0 0 477 750
p/pos_image_1873.jpg 1 0 0 500 710
p/pos_image_1872.jpg 1 0 0 1000 625
p/pos_image_1871.jpg 1 0 0 633 950
p/pos_image_1870.jpg 1 0 0 600 900
p/pos_image_1868.jpg 1 0 0 736 1104
p/pos_image_1867.jpg 1 0 0 600 877
p/pos_image_1866.jpg 1 0 0 600 505
p/pos_image_1865.jpg 1 0 0 736 929
p/pos_image_1863.jpg 1 0 0 700 689
p/pos_image_1862.jpg 1 0 0 736 1030
p/pos_image_1861.jpg 1 0 0 500 750
p/pos_image_1860.jpg 1 0 0 236 354
p/pos_image_1859.jpg 1 0 0 787 1568
p/pos_image_1857.jpg 1 0 0 1000 1078
p/pos_image_1856.jpg 1 0 0 500 500
p/pos_image_1855.jpg 1 0 0 800 1200
p/pos_image_1854.jpg 1 0 0 236 314
p/pos_image_1853.jpg 1 0 0 1024 682
p/pos_image_1851.jpg 1 0 0 662 932
p/pos_image_1850.jpg 1 0 0 400 598
p/pos_image_1849.jpg 1 0 0 600 586
p/pos_image_1848.jpg 1 0 0 980 1473
p/pos_image_1846.jpg 1 0 0 500 797
p/pos_image_1845.jpg 1 0 0 600 900
p/pos_image_1844.jpg 1 0 0 500 682
p/pos_image_1843.jpg 1 0 0 750 944
p/pos_image_1842.jpg 1 0 0 718 888
p/pos_image_1841.jpg 1 0 0 683 1024
p/pos_image_1839.jpg 1 0 0 1067 1600
p/pos_image_1838.jpg 1 0 0 846 1329
p/pos_image_1837.jpg 1 0 0 720 720
p/pos_image_1834.jpg 1 0 0 1200 1800
p/pos_image_1833.jpg 1 0 0 1280 1574
p/pos_image_1832.jpg 1 0 0 599 900
p/pos_image_1831.jpg 1 0 0 550 752
p/pos_image_1830.jpg 1 0 0 236 369
p/pos_image_1829.jpg 1 0 0 640 771
p/pos_image_1828.jpg 1 0 0 2700 4057
p/pos_image_1826.jpg 1 0 0 750 937
p/pos_image_1825.jpg 1 0 0 600 900
p/pos_image_1823.jpg 1 0 0 450 600
p/pos_image_1822.jpg 1 0 0 494 640
p/pos_image_1821.jpg 1 0 0 960 640
p/pos_image_1820.jpg 1 0 0 536 800
p/pos_image_1819.jpg 1 0 0 500 750
p/pos_image_1818.jpg 1 0 0 750 898
p/pos_image_1817.jpg 1 0 0 620 387
p/pos_image_1816.jpg 1 0 0 730 1102
p/pos_image_1814.jpg 1 0 0 396 594
p/pos_image_1812.jpg 1 0 0 1023 1582
p/pos_image_1811.jpg 1 0 0 1536 1536
p/pos_image_1810.jpg 1 0 0 2592 3828
p/pos_image_1809.jpg 1 0 0 662 932
p/pos_image_1808.jpg 1 0 0 1000 1431
p/pos_image_1807.jpg 1 0 0 500 700
p/pos_image_1806.jpg 1 0 0 1367 2468
p/pos_image_1805.jpg 1 0 0 964 1457
p/pos_image_1804.jpg 1 0 0 465 750
p/pos_image_1801.jpg 1 0 0 1280 720
p/pos_image_1800.jpg 1 0 0 236 354
p/pos_image_1799.jpg 1 0 0 720 888
p/pos_image_1798.jpg 1 0 0 682 1024
p/pos_image_1797.jpg 1 0 0 798 960
p/pos_image_1796.jpg 1 0 0 620 775
p/pos_image_1795.jpg 1 0 0 736 917
p/pos_image_1794.jpg 1 0 0 640 960
p/pos_image_1793.jpg 1 0 0 500 741
p/pos_image_1792.jpg 1 0 0 4928 3264
p/pos_image_1789.jpg 1 0 0 736 1217
p/pos_image_1788.jpg 1 0 0 667 1000
p/pos_image_1787.jpg 1 0 0 637 802
p/pos_image_1786.jpg 1 0 0 480 720
p/pos_image_1785.jpg 1 0 0 736 1104
p/pos_image_1784.jpg 1 0 0 631 900
p/pos_image_1783.jpg 1 0 0 736 920
p/pos_image_1782.jpg 1 0 0 655 960
p/pos_image_1781.jpg 1 0 0 512 512
p/pos_image_1779.jpg 1 0 0 318 480
p/pos_image_1777.jpg 1 0 0 1300 1390
p/pos_image_1776.jpg 1 0 0 2400 3000
p/pos_image_1775.jpg 1 0 0 1280 1803
p/pos_image_1774.jpg 1 0 0 720 960
p/pos_image_1773.jpg 1 0 0 500 693
p/pos_image_1772.jpg 1 0 0 685 983
p/pos_image_1771.jpg 1 0 0 736 937
p/pos_image_1770.jpg 1 0 0 1023 959
p/pos_image_1768.jpg 1 0 0 1076 1669
p/pos_image_1767.jpg 1 0 0 552 820
p/pos_image_1764.jpg 1 0 0 533 800
p/pos_image_1763.jpg 1 0 0 2400 3600
p/pos_image_1762.jpg 1 0 0 957 1300
p/pos_image_1761.jpg 1 0 0 961 1200
p/pos_image_1760.jpg 1 0 0 736 985
p/pos_image_1759.jpg 1 0 0 1065 1600
p/pos_image_1757.jpg 1 0 0 500 750
p/pos_image_1756.jpg 1 0 0 675 900
p/pos_image_1755.jpg 1 0 0 846 1329
p/pos_image_1754.jpg 1 0 0 500 468
p/pos_image_1752.jpg 1 0 0 1300 1065
p/pos_image_1751.jpg 1 0 0 800 1091
p/pos_image_1750.jpg 1 0 0 497 750
p/pos_image_1749.jpg 1 0 0 736 1104
p/pos_image_1748.jpg 1 0 0 640 960
p/pos_image_1746.jpg 1 0 0 439 700
p/pos_image_1745.jpg 1 0 0 500 750
p/pos_image_1744.jpg 1 0 0 682 1024
p/pos_image_1743.jpg 1 0 0 952 1334
p/pos_image_1742.jpg 1 0 0 236 328
p/pos_image_1740.jpg 1 0 0 1000 1488
p/pos_image_1739.jpg 1 0 0 500 619
p/pos_image_1738.jpg 1 0 0 820 1024
p/pos_image_1737.jpg 1 0 0 1024 1536
p/pos_image_1735.jpg 1 0 0 600 899
p/pos_image_1734.jpg 1 0 0 533 800
p/pos_image_1733.jpg 1 0 0 871 1300
p/pos_image_1732.jpg 1 0 0 736 1104
p/pos_image_1731.jpg 1 0 0 1199 1175
p/pos_image_1730.jpg 1 0 0 500 750
p/pos_image_1728.jpg 1 0 0 1021 1536
p/pos_image_1727.jpg 1 0 0 533 800
p/pos_image_1726.jpg 1 0 0 236 354
p/pos_image_1723.jpg 1 0 0 1920 1280
p/pos_image_1722.jpg 1 0 0 465 699
p/pos_image_1721.jpg 1 0 0 582 960
p/pos_image_1720.jpg 1 0 0 333 500
p/pos_image_1719.jpg 1 0 0 1062 1600
p/pos_image_1718.jpg 1 0 0 640 800
p/pos_image_1717.jpg 1 0 0 540 719
p/pos_image_1715.jpg 1 0 0 504 672
p/pos_image_1714.jpg 1 0 0 564 774
p/pos_image_1712.jpg 1 0 0 736 929
p/pos_image_1711.jpg 1 0 0 736 798
p/pos_image_1710.jpg 1 0 0 460 668
p/pos_image_1709.jpg 1 0 0 736 1104
p/pos_image_1708.jpg 1 0 0 236 236
p/pos_image_1707.jpg 1 0 0 361 500
p/pos_image_1706.jpg 1 0 0 1041 1600
p/pos_image_1705.jpg 1 0 0 1200 905
p/pos_image_1703.jpg 1 0 0 600 933
p/pos_image_1701.jpg 1 0 0 500 750
p/pos_image_1700.jpg 1 0 0 736 982
p/pos_image_1699.jpg 1 0 0 1200 1780
p/pos_image_1698.jpg 1 0 0 450 703
p/pos_image_1697.jpg 1 0 0 970 1300
p/pos_image_1696.jpg 1 0 0 650 950
p/pos_image_1695.jpg 1 0 0 800 533
p/pos_image_1694.jpg 1 0 0 640 960
p/pos_image_1693.jpg 1 0 0 736 1111
p/pos_image_1690.jpg 1 0 0 450 600
p/pos_image_1689.jpg 1 0 0 500 750
p/pos_image_1688.jpg 1 0 0 736 1104
p/pos_image_1687.jpg 1 0 0 500 642
p/pos_image_1686.jpg 1 0 0 500 667
p/pos_image_1685.jpg 1 0 0 640 960
p/pos_image_1684.jpg 1 0 0 500 750
p/pos_image_1683.jpg 1 0 0 500 750
p/pos_image_1682.jpg 1 0 0 640 640
p/pos_image_1681.jpg 1 0 0 600 900
p/pos_image_1678.jpg 1 0 0 723 1085
p/pos_image_1677.jpg 1 0 0 800 600
p/pos_image_1676.jpg 1 0 0 736 981
p/pos_image_1675.jpg 1 0 0 623 350
p/pos_image_1674.jpg 1 0 0 768 960
p/pos_image_1673.jpg 1 0 0 730 1095
p/pos_image_1672.jpg 1 0 0 720 960
p/pos_image_1671.jpg 1 0 0 318 480
p/pos_image_1669.jpg 1 0 0 478 640
p/pos_image_1657.jpg 1 0 0 448 573
p/pos_image_1635.jpg 1 0 0 957 1300
p/pos_image_1624.jpg 1 0 0 1159 1500
p/pos_image_1613.jpg 1 0 0 500 603
p/pos_image_1602.jpg 1 0 0 564 788
p/pos_image_1591.jpg 1 0 0 650 1000
p/pos_image_1580.jpg 1 0 0 1080 1349
p/pos_image_1569.jpg 1 0 0 1280 1629
p/pos_image_1558.jpg 1 0 0 500 750
p/pos_image_1546.jpg 1 0 0 3744 5616
p/pos_image_1535.jpg 1 0 0 619 959
p/pos_image_1513.jpg 1 0 0 500 750
p/pos_image_1502.jpg 1 0 0 1280 1707
p/pos_image_1491.jpg 1 0 0 598 900
p/pos_image_1480.jpg 1 0 0 430 578
p/pos_image_1469.jpg 1 0 0 2400 3600
p/pos_image_1458.jpg 1 0 0 1080 1080
p/pos_image_1447.jpg 1 0 0 1066 1332
p/pos_image_1435.jpg 1 0 0 267 400
p/pos_image_1424.jpg 1 0 0 532 800
p/pos_image_1413.jpg 1 0 0 431 640
p/pos_image_1380.jpg 1 0 0 550 782
p/pos_image_1369.jpg 1 0 0 702 459
p/pos_image_1358.jpg 1 0 0 640 640
p/pos_image_1347.jpg 1 0 0 970 1300
p/pos_image_1336.jpg 1 0 0 736 981
p/pos_image_1324.jpg 1 0 0 236 354
p/pos_image_1313.jpg 1 0 0 3312 4416
p/pos_image_1302.jpg 1 0 0 540 362
p/pos_image_1291.jpg 1 0 0 1392 1738
p/pos_image_1280.jpg 1 0 0 1280 533
p/pos_image_1258.jpg 1 0 0 448 600
p/pos_image_1247.jpg 1 0 0 656 960
p/pos_image_1236.jpg 1 0 0 700 1024
p/pos_image_1225.jpg 1 0 0 1023 682
p/pos_image_1213.jpg 1 0 0 600 900
p/pos_image_1202.jpg 1 0 0 320 400
p/pos_image_1191.jpg 1 0 0 567 656
p/pos_image_1180.jpg 1 0 0 1000 1400
p/pos_image_1169.jpg 1 0 0 2827 4240
p/pos_image_1158.jpg 1 0 0 800 1200
p/pos_image_1136.jpg 1 0 0 800 1255
p/pos_image_1125.jpg 1 0 0 480 750
p/pos_image_1114.jpg 1 0 0 500 707
p/pos_image_1101.jpg 1 0 0 736 1115
p/pos_image_1090.jpg 1 0 0 1558 2500
p/pos_image_1079.jpg 1 0 0 640 640
p/pos_image_1068.jpg 1 0 0 746 950
p/pos_image_1057.jpg 1 0 0 502 673
p/pos_image_1046.jpg 1 0 0 714 1000
p/pos_image_1035.jpg 1 0 0 480 722
p/pos_image_1013.jpg 1 0 0 736 1105
p/pos_image_1002.jpg 1 0 0 626 680
p/pos_image_990.jpg 1 0 0 640 457
p/pos_image_979.jpg 1 0 0 3413 4724
p/pos_image_968.jpg 1 0 0 1440 2160
p/pos_image_957.jpg 1 0 0 1439 1920
p/pos_image_946.jpg 1 0 0 602 904
p/pos_image_935.jpg 1 0 0 825 1446
p/pos_image_924.jpg 1 0 0 491 750
p/pos_image_913.jpg 1 0 0 736 1104
p/pos_image_891.jpg 1 0 0 564 846
p/pos_image_879.jpg 1 0 0 276 365
p/pos_image_868.jpg 1 0 0 500 710
p/pos_image_857.jpg 1 0 0 500 667
p/pos_image_846.jpg 1 0 0 500 750
p/pos_image_835.jpg 1 0 0 500 750
p/pos_image_824.jpg 1 0 0 1242 1539
p/pos_image_2490.jpg 1 0 0 540 810
p/pos_image_2479.jpg 1 0 0 602 547
p/pos_image_2468.jpg 1 0 0 500 750
p/pos_image_2457.jpg 1 0 0 800 1059
p/pos_image_2446.jpg 1 0 0 564 774
p/pos_image_2435.jpg 1 0 0 736 929
p/pos_image_2424.jpg 1 0 0 500 750
p/pos_image_2402.jpg 1 0 0 660 950
p/pos_image_2391.jpg 1 0 0 500 750
p/pos_image_2379.jpg 1 0 0 400 536
p/pos_image_2368.jpg 1 0 0 1041 1600
p/pos_image_2357.jpg 1 0 0 1179 1766
p/pos_image_2346.jpg 1 0 0 961 1200
p/pos_image_2335.jpg 1 0 0 500 750
p/pos_image_2324.jpg 1 0 0 500 750
p/pos_image_2313.jpg 1 0 0 361 500
p/pos_image_2302.jpg 1 0 0 450 703
p/pos_image_2280.jpg 1 0 0 640 966
p/pos_image_2268.jpg 1 0 0 455 683
p/pos_image_2257.jpg 1 0 0 480 722
p/pos_image_2246.jpg 1 0 0 500 750
p/pos_image_2235.jpg 1 0 0 361 500
p/pos_image_2224.jpg 1 0 0 450 600
p/pos_image_2213.jpg 1 0 0 712 949
p/pos_image_2202.jpg 1 0 0 736 1030
p/pos_image_2191.jpg 1 0 0 736 981
p/pos_image_2180.jpg 1 0 0 480 720
p/pos_image_2157.jpg 1 0 0 533 800
p/pos_image_2146.jpg 1 0 0 236 313
p/pos_image_2135.jpg 1 0 0 683 1024
p/pos_image_2124.jpg 1 0 0 500 750
p/pos_image_2113.jpg 1 0 0 700 1049
p/pos_image_2102.jpg 1 0 0 736 937
p/pos_image_2091.jpg 1 0 0 3648 5472
p/pos_image_2080.jpg 1 0 0 1438 2379
p/pos_image_2069.jpg 1 0 0 641 900
p/pos_image_2058.jpg 1 0 0 1280 1920
p/pos_image_2035.jpg 1 0 0 500 750
p/pos_image_2024.jpg 1 0 0 463 668
p/pos_image_2013.jpg 1 0 0 650 1000
p/pos_image_2002.jpg 1 0 0 683 1024
p/pos_image_1991.jpg 1 0 0 626 950
p/pos_image_1980.jpg 1 0 0 533 800
p/pos_image_1969.jpg 1 0 0 563 738
p/pos_image_1958.jpg 1 0 0 619 959
p/pos_image_1947.jpg 1 0 0 538 810
p/pos_image_1935.jpg 1 0 0 1080 1350
p/pos_image_1913.jpg 1 0 0 678 1017
p/pos_image_1902.jpg 1 0 0 750 1125
p/pos_image_1891.jpg 1 0 0 1024 682
p/pos_image_1880.jpg 1 0 0 1080 1080
p/pos_image_1869.jpg 1 0 0 682 1024
p/pos_image_1858.jpg 1 0 0 480 640
p/pos_image_1847.jpg 1 0 0 2074 2657
p/pos_image_1836.jpg 1 0 0 400 560
p/pos_image_1824.jpg 1 0 0 5472 3080
p/pos_image_1813.jpg 1 0 0 702 459
p/pos_image_1791.jpg 1 0 0 333 500
p/pos_image_1780.jpg 1 0 0 736 1026
p/pos_image_1769.jpg 1 0 0 465 699
p/pos_image_1758.jpg 1 0 0 549 720
p/pos_image_1747.jpg 1 0 0 2400 3600
p/pos_image_1736.jpg 1 0 0 1067 1600
p/pos_image_1725.jpg 1 0 0 1242 1715
p/pos_image_1713.jpg 1 0 0 640 960
p/pos_image_1702.jpg 1 0 0 720 1080
p/pos_image_1691.jpg 1 0 0 500 633
p/pos_image_1668.jpg 1 0 0 2999 3749
p/pos_image_1557.jpg 1 0 0 1000 1551
p/pos_image_1446.jpg 1 0 0 720 1080
p/pos_image_1335.jpg 1 0 0 631 900
p/pos_image_1224.jpg 1 0 0 736 1076
p/pos_image_1113.jpg 1 0 0 1200 1567
p/pos_image_1001.jpg 1 0 0 450 600
p/pos_image_890.jpg 1 0 0 699 950
p/pos_image_2390.jpg 1 0 0 500 500
p/pos_image_2279.jpg 1 0 0 2827 4240
p/pos_image_2168.jpg 1 0 0 602 904
p/pos_image_2057.jpg 1 0 0 1280 1920
p/pos_image_1946.jpg 1 0 0 480 750
p/pos_image_1670.jpg 1 0 0 3168 4752
p/pos_image_1667.jpg 1 0 0 800 895
p/pos_image_1666.jpg 1 0 0 915 915
p/pos_image_1665.jpg 1 0 0 1179 1766
p/pos_image_1664.jpg 1 0 0 974 1435
p/pos_image_1663.jpg 1 0 0 502 673
p/pos_image_1662.jpg 1 0 0 800 1127
p/pos_image_1661.jpg 1 0 0 427 641
p/pos_image_1660.jpg 1 0 0 1500 1875
p/pos_image_1659.jpg 1 0 0 1000 1533
p/pos_image_1656.jpg 1 0 0 1438 2379
p/pos_image_1655.jpg 1 0 0 640 457
p/pos_image_1654.jpg 1 0 0 640 360
p/pos_image_1653.jpg 1 0 0 500 667
p/pos_image_1652.jpg 1 0 0 4928 3264
p/pos_image_1651.jpg 1 0 0 698 1024
p/pos_image_1650.jpg 1 0 0 615 626
p/pos_image_1649.jpg 1 0 0 491 750
p/pos_image_1648.jpg 1 0 0 800 1059
p/pos_image_1647.jpg 1 0 0 500 750
p/pos_image_1644.jpg 1 0 0 480 320
p/pos_image_1643.jpg 1 0 0 333 500
p/pos_image_1642.jpg 1 0 0 730 1095
p/pos_image_1641.jpg 1 0 0 500 750
p/pos_image_1640.jpg 1 0 0 500 642
p/pos_image_1639.jpg 1 0 0 640 963
p/pos_image_1638.jpg 1 0 0 800 600
p/pos_image_1637.jpg 1 0 0 640 734
p/pos_image_1636.jpg 1 0 0 400 597
p/pos_image_1634.jpg 1 0 0 640 960
p/pos_image_1632.jpg 1 0 0 1280 1912
p/pos_image_1631.jpg 1 0 0 500 750
p/pos_image_1630.jpg 1 0 0 428 640
p/pos_image_1629.jpg 1 0 0 1080 1440
p/pos_image_1628.jpg 1 0 0 427 643
p/pos_image_1627.jpg 1 0 0 1280 1920
p/pos_image_1626.jpg 1 0 0 2700 4050
p/pos_image_1625.jpg 1 0 0 1008 1008
p/pos_image_1623.jpg 1 0 0 1000 1499
p/pos_image_1622.jpg 1 0 0 1067 1600
p/pos_image_1620.jpg 1 0 0 439 700
p/pos_image_1619.jpg 1 0 0 500 750
p/pos_image_1618.jpg 1 0 0 1023 959
p/pos_image_1617.jpg 1 0 0 400 533
p/pos_image_1616.jpg 1 0 0 479 720
p/pos_image_1615.jpg 1 0 0 465 699
p/pos_image_1614.jpg 1 0 0 1280 1920
p/pos_image_1612.jpg 1 0 0 700 1024
p/pos_image_1611.jpg 1 0 0 600 757
p/pos_image_1610.jpg 1 0 0 400 533
p/pos_image_1608.jpg 1 0 0 500 500
p/pos_image_1607.jpg 1 0 0 736 1104
p/pos_image_1606.jpg 1 0 0 736 1104
p/pos_image_1605.jpg 1 0 0 721 923
p/pos_image_1604.jpg 1 0 0 899 1255
p/pos_image_1603.jpg 1 0 0 498 750
p/pos_image_1601.jpg 1 0 0 736 1104
p/pos_image_1600.jpg 1 0 0 720 960
p/pos_image_1599.jpg 1 0 0 236 328
p/pos_image_1598.jpg 1 0 0 1125 1909
p/pos_image_1596.jpg 1 0 0 483 700
p/pos_image_1595.jpg 1 0 0 1242 1491
p/pos_image_1594.jpg 1 0 0 900 1125
p/pos_image_1593.jpg 1 0 0 707 1000
p/pos_image_1592.jpg 1 0 0 788 1050
p/pos_image_1590.jpg 1 0 0 1500 1255
p/pos_image_1589.jpg 1 0 0 460 640
p/pos_image_1588.jpg 1 0 0 485 625
p/pos_image_1587.jpg 1 0 0 500 750
p/pos_image_1586.jpg 1 0 0 1080 1720
p/pos_image_1584.jpg 1 0 0 679 1000
p/pos_image_1583.jpg 1 0 0 479 720
p/pos_image_1582.jpg 1 0 0 736 1104
p/pos_image_1581.jpg 1 0 0 800 1200
p/pos_image_1579.jpg 1 0 0 650 867
p/pos_image_1578.jpg 1 0 0 511 630
p/pos_image_1577.jpg 1 0 0 199 320
p/pos_image_1576.jpg 1 0 0 504 756
p/pos_image_1575.jpg 1 0 0 1125 1909
p/pos_image_1574.jpg 1 0 0 820 1024
p/pos_image_1572.jpg 1 0 0 736 1104
p/pos_image_1571.jpg 1 0 0 820 1024
p/pos_image_1570.jpg 1 0 0 865 1300
p/pos_image_1568.jpg 1 0 0 500 750
p/pos_image_1567.jpg 1 0 0 500 682
p/pos_image_1566.jpg 1 0 0 683 1024
p/pos_image_1565.jpg 1 0 0 600 840
p/pos_image_1564.jpg 1 0 0 500 675
p/pos_image_1563.jpg 1 0 0 1008 1008
p/pos_image_1562.jpg 1 0 0 736 981
p/pos_image_1560.jpg 1 0 0 667 1000
p/pos_image_1559.jpg 1 0 0 1080 1349
p/pos_image_1556.jpg 1 0 0 330 450
p/pos_image_1555.jpg 1 0 0 750 937
p/pos_image_1554.jpg 1 0 0 408 612
p/pos_image_1553.jpg 1 0 0 600 505
p/pos_image_1552.jpg 1 0 0 500 726
p/pos_image_1551.jpg 1 0 0 961 1200
p/pos_image_1550.jpg 1 0 0 500 750
p/pos_image_1549.jpg 1 0 0 474 709
p/pos_image_1545.jpg 1 0 0 480 720
p/pos_image_1544.jpg 1 0 0 495 700
p/pos_image_1543.jpg 1 0 0 640 640
p/pos_image_1542.jpg 1 0 0 682 1024
p/pos_image_1541.jpg 1 0 0 714 1000
p/pos_image_1540.jpg 1 0 0 667 1000
p/pos_image_1539.jpg 1 0 0 600 831
p/pos_image_1538.jpg 1 0 0 509 636
p/pos_image_1537.jpg 1 0 0 746 950
p/pos_image_1536.jpg 1 0 0 427 622
p/pos_image_1533.jpg 1 0 0 2504 3336
p/pos_image_1532.jpg 1 0 0 736 1111
p/pos_image_1531.jpg 1 0 0 447 700
p/pos_image_1530.jpg 1 0 0 407 750
p/pos_image_1529.jpg 1 0 0 736 981
p/pos_image_1528.jpg 1 0 0 425 518
p/pos_image_1527.jpg 1 0 0 640 960
p/pos_image_1526.jpg 1 0 0 407 750
p/pos_image_1525.jpg 1 0 0 564 846
p/pos_image_1523.jpg 1 0 0 1365 2048
p/pos_image_1521.jpg 1 0 0 640 960
p/pos_image_1520.jpg 1 0 0 800 600
p/pos_image_1519.jpg 1 0 0 550 752
p/pos_image_1518.jpg 1 0 0 600 899
p/pos_image_1517.jpg 1 0 0 1200 1600
p/pos_image_1516.jpg 1 0 0 1080 1349
p/pos_image_1515.jpg 1 0 0 736 1115
p/pos_image_1514.jpg 1 0 0 236 354
p/pos_image_1512.jpg 1 0 0 800 1200
p/pos_image_1511.jpg 1 0 0 1300 937
p/pos_image_1509.jpg 1 0 0 500 708
p/pos_image_1508.jpg 1 0 0 500 700
p/pos_image_1507.jpg 1 0 0 318 500
p/pos_image_1506.jpg 1 0 0 564 788
p/pos_image_1505.jpg 1 0 0 300 450
p/pos_image_1504.jpg 1 0 0 736 1043
p/pos_image_1503.jpg 1 0 0 683 1024
p/pos_image_1501.jpg 1 0 0 900 1350
p/pos_image_1500.jpg 1 0 0 1439 1920
p/pos_image_1499.jpg 1 0 0 500 740
p/pos_image_1497.jpg 1 0 0 497 750
p/pos_image_1496.jpg 1 0 0 1280 720
p/pos_image_1495.jpg 1 0 0 1080 1306
p/pos_image_1494.jpg 1 0 0 236 353
p/pos_image_1493.jpg 1 0 0 1500 2250
p/pos_image_1492.jpg 1 0 0 736 1105
p/pos_image_1490.jpg 1 0 0 736 1217
p/pos_image_1489.jpg 1 0 0 1000 1412
p/pos_image_1488.jpg 1 0 0 1138 1600
p/pos_image_1487.jpg 1 0 0 500 598
p/pos_image_1485.jpg 1 0 0 793 1080
p/pos_image_1484.jpg 1 0 0 564 830
p/pos_image_1483.jpg 1 0 0 255 370
p/pos_image_1482.jpg 1 0 0 800 1200
p/pos_image_1481.jpg 1 0 0 1258 1261
p/pos_image_1479.jpg 1 0 0 500 750
p/pos_image_1478.jpg 1 0 0 236 349
p/pos_image_1477.jpg 1 0 0 400 419
p/pos_image_1476.jpg 1 0 0 782 1092
p/pos_image_1475.jpg 1 0 0 640 992
p/pos_image_1473.jpg 1 0 0 500 750
p/pos_image_1472.jpg 1 0 0 375 500
p/pos_image_1471.jpg 1 0 0 736 736
p/pos_image_1470.jpg 1 0 0 1800 1394
p/pos_image_1468.jpg 1 0 0 1300 951
p/pos_image_1467.jpg 1 0 0 787 1568
p/pos_image_1466.jpg 1 0 0 750 930
p/pos_image_1465.jpg 1 0 0 1000 1500
p/pos_image_1464.jpg 1 0 0 800 1142
p/pos_image_1463.jpg 1 0 0 533 800
p/pos_image_1461.jpg 1 0 0 640 762
p/pos_image_1460.jpg 1 0 0 566 800
p/pos_image_1459.jpg 1 0 0 736 1104
p/pos_image_1457.jpg 1 0 0 392 500
p/pos_image_1456.jpg 1 0 0 640 969
p/pos_image_1455.jpg 1 0 0 888 1050
p/pos_image_1454.jpg 1 0 0 564 846
p/pos_image_1453.jpg 1 0 0 736 981
p/pos_image_1452.jpg 1 0 0 480 720
p/pos_image_1451.jpg 1 0 0 735 1102
p/pos_image_1449.jpg 1 0 0 500 750
p/pos_image_1448.jpg 1 0 0 3168 4752
p/pos_image_1445.jpg 1 0 0 1300 957
p/pos_image_1444.jpg 1 0 0 500 750
p/pos_image_1443.jpg 1 0 0 1027 1333
p/pos_image_1442.jpg 1 0 0 1364 2048
p/pos_image_1441.jpg 1 0 0 640 960
p/pos_image_1440.jpg 1 0 0 640 960
p/pos_image_1439.jpg 1 0 0 768 1024
p/pos_image_1438.jpg 1 0 0 600 750
p/pos_image_1436.jpg 1 0 0 736 1104
p/pos_image_1434.jpg 1 0 0 500 750
p/pos_image_1433.jpg 1 0 0 4000 5000
p/pos_image_1432.jpg 1 0 0 1000 1488
p/pos_image_1431.jpg 1 0 0 400 400
p/pos_image_1430.jpg 1 0 0 640 960
p/pos_image_1429.jpg 1 0 0 600 840
p/pos_image_1428.jpg 1 0 0 909 1069
p/pos_image_1427.jpg 1 0 0 779 1025
p/pos_image_1426.jpg 1 0 0 320 400
p/pos_image_1422.jpg 1 0 0 1080 1349
p/pos_image_1421.jpg 1 0 0 500 750
p/pos_image_1420.jpg 1 0 0 1280 1754
p/pos_image_1419.jpg 1 0 0 683 1024
p/pos_image_1418.jpg 1 0 0 976 899
p/pos_image_1417.jpg 1 0 0 236 426
p/pos_image_1416.jpg 1 0 0 640 960
p/pos_image_1415.jpg 1 0 0 1280 1792
p/pos_image_1414.jpg 1 0 0 667 1000
p/pos_image_1412.jpg 1 0 0 736 980
p/pos_image_1410.jpg 1 0 0 1200 1327
p/pos_image_1409.jpg 1 0 0 736 1035
p/pos_image_1408.jpg 1 0 0 497 750
p/pos_image_1407.jpg 1 0 0 735 980
p/pos_image_1406.jpg 1 0 0 736 920
p/pos_image_1405.jpg 1 0 0 960 960
p/pos_image_1404.jpg 1 0 0 1200 844
p/pos_image_1403.jpg 1 0 0 979 1221
p/pos_image_1401.jpg 1 0 0 469 469
p/pos_image_1400.jpg 1 0 0 450 600
p/pos_image_1398.jpg 1 0 0 500 740
p/pos_image_1397.jpg 1 0 0 570 775
p/pos_image_1396.jpg 1 0 0 681 960
p/pos_image_1395.jpg 1 0 0 460 640
p/pos_image_1394.jpg 1 0 0 497 750
p/pos_image_1393.jpg 1 0 0 612 886
p/pos_image_1392.jpg 1 0 0 500 750
p/pos_image_1390.jpg 1 0 0 333 499
p/pos_image_1389.jpg 1 0 0 3840 5760
p/pos_image_1388.jpg 1 0 0 736 981
p/pos_image_1386.jpg 1 0 0 512 492
p/pos_image_1385.jpg 1 0 0 537 810
p/pos_image_1384.jpg 1 0 0 1000 1500
p/pos_image_1383.jpg 1 0 0 2119 3183
p/pos_image_1382.jpg 1 0 0 300 470
p/pos_image_1381.jpg 1 0 0 334 500
p/pos_image_1379.jpg 1 0 0 750 934
p/pos_image_1378.jpg 1 0 0 500 750
p/pos_image_1377.jpg 1 0 0 736 1104
p/pos_image_1376.jpg 1 0 0 533 800
p/pos_image_1374.jpg 1 0 0 600 368
p/pos_image_1373.jpg 1 0 0 500 700
p/pos_image_1372.jpg 1 0 0 953 1300
p/pos_image_1371.jpg 1 0 0 1600 1200
p/pos_image_1370.jpg 1 0 0 236 354
p/pos_image_1368.jpg 1 0 0 616 960
p/pos_image_1367.jpg 1 0 0 640 799
p/pos_image_1366.jpg 1 0 0 675 1200
p/pos_image_1365.jpg 1 0 0 1200 1798
p/pos_image_1364.jpg 1 0 0 736 919
p/pos_image_1362.jpg 1 0 0 736 1104
p/pos_image_1361.jpg 1 0 0 957 1300
p/pos_image_1360.jpg 1 0 0 800 1200
p/pos_image_1359.jpg 1 0 0 500 636
p/pos_image_1357.jpg 1 0 0 573 860
p/pos_image_1356.jpg 1 0 0 1024 1536
p/pos_image_1355.jpg 1 0 0 333 500
p/pos_image_1354.jpg 1 0 0 681 960
p/pos_image_1353.jpg 1 0 0 478 640
p/pos_image_1352.jpg 1 0 0 600 905
p/pos_image_1350.jpg 1 0 0 600 900
p/pos_image_1349.jpg 1 0 0 430 578
p/pos_image_1348.jpg 1 0 0 1200 1780
p/pos_image_1346.jpg 1 0 0 236 369
p/pos_image_1345.jpg 1 0 0 540 719
p/pos_image_1344.jpg 1 0 0 736 1030
p/pos_image_1343.jpg 1 0 0 500 797
p/pos_image_1342.jpg 1 0 0 608 900
p/pos_image_1341.jpg 1 0 0 460 640
p/pos_image_1340.jpg 1 0 0 556 800
p/pos_image_1338.jpg 1 0 0 460 468
p/pos_image_1337.jpg 1 0 0 800 1200
p/pos_image_1334.jpg 1 0 0 447 550
p/pos_image_1333.jpg 1 0 0 736 1106
p/pos_image_1332.jpg 1 0 0 600 338
p/pos_image_1331.jpg 1 0 0 736 956
p/pos_image_1330.jpg 1 0 0 460 668
p/pos_image_1329.jpg 1 0 0 532 800
p/pos_image_1328.jpg 1 0 0 420 600
p/pos_image_1327.jpg 1 0 0 3755 2647
p/pos_image_1325.jpg 1 0 0 540 362
p/pos_image_1323.jpg 1 0 0 509 636
p/pos_image_1322.jpg 1 0 0 735 1028
p/pos_image_1321.jpg 1 0 0 620 835
p/pos_image_1320.jpg 1 0 0 600 877
p/pos_image_1319.jpg 1 0 0 550 678
p/pos_image_1318.jpg 1 0 0 1280 1803
p/pos_image_1317.jpg 1 0 0 455 683
p/pos_image_1316.jpg 1 0 0 736 1105
p/pos_image_1315.jpg 1 0 0 1080 1350
p/pos_image_1312.jpg 1 0 0 960 643
p/pos_image_1311.jpg 1 0 0 1023 682
p/pos_image_1310.jpg 1 0 0 1000 1533
p/pos_image_1309.jpg 1 0 0 736 1030
p/pos_image_1308.jpg 1 0 0 499 750
p/pos_image_1307.jpg 1 0 0 572 784
p/pos_image_1306.jpg 1 0 0 720 1024
p/pos_image_1305.jpg 1 0 0 1080 1249
p/pos_image_1304.jpg 1 0 0 1000 1431
p/pos_image_1303.jpg 1 0 0 500 750
p/pos_image_1299.jpg 1 0 0 736 922
p/pos_image_1298.jpg 1 0 0 500 750
p/pos_image_1297.jpg 1 0 0 774 1161
p/pos_image_1296.jpg 1 0 0 500 750
p/pos_image_1295.jpg 1 0 0 427 641
p/pos_image_1294.jpg 1 0 0 736 917
p/pos_image_1293.jpg 1 0 0 640 640
p/pos_image_1292.jpg 1 0 0 1638 2048
p/pos_image_1290.jpg 1 0 0 476 750
p/pos_image_1289.jpg 1 0 0 600 900
p/pos_image_1287.jpg 1 0 0 556 800
p/pos_image_1286.jpg 1 0 0 800 1187
p/pos_image_1285.jpg 1 0 0 667 1000
p/pos_image_1284.jpg 1 0 0 768 960
p/pos_image_1283.jpg 1 0 0 1280 1920
p/pos_image_1282.jpg 1 0 0 683 1024
p/pos_image_1281.jpg 1 0 0 798 960
p/pos_image_1279.jpg 1 0 0 736 1004
p/pos_image_1278.jpg 1 0 0 640 960
p/pos_image_1277.jpg 1 0 0 957 1300
p/pos_image_1275.jpg 1 0 0 500 668
p/pos_image_1274.jpg 1 0 0 736 937
p/pos_image_1273.jpg 1 0 0 599 900
p/pos_image_1272.jpg 1 0 0 736 920
p/pos_image_1271.jpg 1 0 0 2700 4057
p/pos_image_1270.jpg 1 0 0 478 810
p/pos_image_1268.jpg 1 0 0 1280 1629
p/pos_image_1267.jpg 1 0 0 533 800
p/pos_image_1266.jpg 1 0 0 479 729
p/pos_image_1265.jpg 1 0 0 1000 1277
p/pos_image_1263.jpg 1 0 0 1280 1803
p/pos_image_1262.jpg 1 0 0 736 1104
p/pos_image_1261.jpg 1 0 0 550 678
p/pos_image_1260.jpg 1 0 0 1280 1707
p/pos_image_1259.jpg 1 0 0 1280 1920
p/pos_image_1257.jpg 1 0 0 750 937
p/pos_image_1256.jpg 1 0 0 750 898
p/pos_image_1255.jpg 1 0 0 1041 1620
p/pos_image_1254.jpg 1 0 0 321 482
p/pos_image_1253.jpg 1 0 0 720 960
p/pos_image_1251.jpg 1 0 0 267 400
p/pos_image_1250.jpg 1 0 0 620 827
p/pos_image_1249.jpg 1 0 0 736 1104
p/pos_image_1248.jpg 1 0 0 1280 1561
p/pos_image_1246.jpg 1 0 0 1000 1666
p/pos_image_1245.jpg 1 0 0 400 449
p/pos_image_1244.jpg 1 0 0 2880 1800
p/pos_image_1243.jpg 1 0 0 970 1300
p/pos_image_1242.jpg 1 0 0 960 960
p/pos_image_1241.jpg 1 0 0 871 1300
p/pos_image_1239.jpg 1 0 0 611 900
p/pos_image_1238.jpg 1 0 0 957 1300
p/pos_image_1237.jpg 1 0 0 400 533
p/pos_image_1235.jpg 1 0 0 1080 1350
p/pos_image_1234.jpg 1 0 0 1024 683
p/pos_image_1233.jpg 1 0 0 800 1200
p/pos_image_1232.jpg 1 0 0 1200 1800
p/pos_image_1231.jpg 1 0 0 596 900
p/pos_image_1230.jpg 1 0 0 1000 1551
p/pos_image_1229.jpg 1 0 0 2167 2167
p/pos_image_1227.jpg 1 0 0 961 1200
p/pos_image_1226.jpg 1 0 0 736 1103
p/pos_image_1223.jpg 1 0 0 500 706
p/pos_image_1222.jpg 1 0 0 720 960
p/pos_image_1221.jpg 1 0 0 564 436
p/pos_image_1220.jpg 1 0 0 846 1329
p/pos_image_1219.jpg 1 0 0 3413 4724
p/pos_image_1218.jpg 1 0 0 630 1200
p/pos_image_1217.jpg 1 0 0 750 937
p/pos_image_1216.jpg 1 0 0 1080 1349
p/pos_image_1214.jpg 1 0 0 736 937
p/pos_image_1212.jpg 1 0 0 736 1112
p/pos_image_1211.jpg 1 0 0 2223 1452
p/pos_image_1210.jpg 1 0 0 500 684
p/pos_image_1209.jpg 1 0 0 970 1300
p/pos_image_1208.jpg 1 0 0 640 771
p/pos_image_1207.jpg 1 0 0 496 750
p/pos_image_1206.jpg 1 0 0 682 1024
p/pos_image_1205.jpg 1 0 0 1200 1206
p/pos_image_1204.jpg 1 0 0 768 1024
p/pos_image_1201.jpg 1 0 0 548 733
p/pos_image_1200.jpg 1 0 0 345 434
p/pos_image_1199.jpg 1 0 0 960 640
p/pos_image_1198.jpg 1 0 0 599 731
p/pos_image_1197.jpg 1 0 0 800 1120
p/pos_image_1196.jpg 1 0 0 2400 3600
p/pos_image_1195.jpg 1 0 0 566 800
p/pos_image_1194.jpg 1 0 0 736 1106
p/pos_image_1193.jpg 1 0 0 480 720
p/pos_image_1192.jpg 1 0 0 396 594
p/pos_image_1189.jpg 1 0 0 600 900
p/pos_image_1188.jpg 1 0 0 602 861
p/pos_image_1187.jpg 1 0 0 524 600
p/pos_image_1186.jpg 1 0 0 699 950
p/pos_image_1185.jpg 1 0 0 3744 5616
p/pos_image_1184.jpg 1 0 0 500 750
p/pos_image_1183.jpg 1 0 0 2700 4057
p/pos_image_1182.jpg 1 0 0 736 979
p/pos_image_1181.jpg 1 0 0 2400 3600
p/pos_image_1179.jpg 1 0 0 1280 1920
p/pos_image_1176.jpg 1 0 0 635 907
p/pos_image_1175.jpg 1 0 0 768 1024
p/pos_image_1174.jpg 1 0 0 236 354
p/pos_image_1173.jpg 1 0 0 853 1280
p/pos_image_1172.jpg 1 0 0 736 920
p/pos_image_1171.jpg 1 0 0 736 1104
p/pos_image_1170.jpg 1 0 0 912 1280
p/pos_image_1168.jpg 1 0 0 500 756
p/pos_image_1167.jpg 1 0 0 640 799
p/pos_image_1166.jpg 1 0 0 600 800
p/pos_image_1164.jpg 1 0 0 736 1104
p/pos_image_1163.jpg 1 0 0 768 1024
p/pos_image_1162.jpg 1 0 0 2000 1000
p/pos_image_1161.jpg 1 0 0 650 1000
p/pos_image_1160.jpg 1 0 0 640 799
p/pos_image_1159.jpg 1 0 0 736 929
p/pos_image_1157.jpg 1 0 0 637 802
p/pos_image_1156.jpg 1 0 0 1080 1349
p/pos_image_1155.jpg 1 0 0 553 824
p/pos_image_1154.jpg 1 0 0 600 900
p/pos_image_1152.jpg 1 0 0 460 468
p/pos_image_1151.jpg 1 0 0 460 750
p/pos_image_1150.jpg 1 0 0 500 750
p/pos_image_1149.jpg 1 0 0 512 512
p/pos_image_1148.jpg 1 0 0 798 1000
p/pos_image_1146.jpg 1 0 0 476 750
p/pos_image_1145.jpg 1 0 0 458 655
p/pos_image_1144.jpg 1 0 0 736 981
p/pos_image_1143.jpg 1 0 0 636 1024
p/pos_image_1142.jpg 1 0 0 721 923
p/pos_image_1140.jpg 1 0 0 500 693
p/pos_image_1139.jpg 1 0 0 1040 1300
p/pos_image_1138.jpg 1 0 0 300 232
p/pos_image_1137.jpg 1 0 0 379 500
p/pos_image_1135.jpg 1 0 0 1200 1192
p/pos_image_1134.jpg 1 0 0 736 1271
p/pos_image_1133.jpg 1 0 0 1000 1078
p/pos_image_1132.jpg 1 0 0 552 820
p/pos_image_1131.jpg 1 0 0 800 533
p/pos_image_1130.jpg 1 0 0 640 960
p/pos_image_1128.jpg 1 0 0 480 360
p/pos_image_1127.jpg 1 0 0 460 690
p/pos_image_1126.jpg 1 0 0 500 750
p/pos_image_1124.jpg 1 0 0 341 484
p/pos_image_1123.jpg 1 0 0 736 985
p/pos_image_1122.jpg 1 0 0 500 642
p/pos_image_1121.jpg 1 0 0 787 827
p/pos_image_1120.jpg 1 0 0 736 939
p/pos_image_1119.jpg 1 0 0 480 599
p/pos_image_1118.jpg 1 0 0 957 1300
p/pos_image_1116.jpg 1 0 0 236 356
p/pos_image_1115.jpg 1 0 0 1300 1065
p/pos_image_1111.jpg 1 0 0 600 900
p/pos_image_1110.jpg 1 0 0 500 797
p/pos_image_1109.jpg 1 0 0 236 344
p/pos_image_1108.jpg 1 0 0 736 1104
p/pos_image_1107.jpg 1 0 0 800 1318
p/pos_image_1106.jpg 1 0 0 1080 1350
p/pos_image_1105.jpg 1 0 0 540 807
p/pos_image_1104.jpg 1 0 0 730 1095
p/pos_image_1102.jpg 1 0 0 500 596
p/pos_image_1100.jpg 1 0 0 500 740
p/pos_image_1099.jpg 1 0 0 787 1568
p/pos_image_1098.jpg 1 0 0 736 1104
p/pos_image_1097.jpg 1 0 0 255 370
p/pos_image_1096.jpg 1 0 0 634 1024
p/pos_image_1095.jpg 1 0 0 1159 1500
p/pos_image_1094.jpg 1 0 0 476 750
p/pos_image_1093.jpg 1 0 0 810 1080
p/pos_image_1092.jpg 1 0 0 504 756
p/pos_image_1089.jpg 1 0 0 1392 1738
p/pos_image_1088.jpg 1 0 0 1199 1175
p/pos_image_1087.jpg 1 0 0 500 750
p/pos_image_1086.jpg 1 0 0 1024 862
p/pos_image_1085.jpg 1 0 0 736 1019
p/pos_image_1084.jpg 1 0 0 1367 2468
p/pos_image_1083.jpg 1 0 0 1920 1280
p/pos_image_1082.jpg 1 0 0 598 900
p/pos_image_1081.jpg 1 0 0 640 969
p/pos_image_1080.jpg 1 0 0 333 499
p/pos_image_1077.jpg 1 0 0 1367 2468
p/pos_image_1076.jpg 1 0 0 736 1098
p/pos_image_1075.jpg 1 0 0 500 750
p/pos_image_1074.jpg 1 0 0 500 746
p/pos_image_1073.jpg 1 0 0 980 1473
p/pos_image_1072.jpg 1 0 0 233 350
p/pos_image_1071.jpg 1 0 0 318 480
p/pos_image_1070.jpg 1 0 0 682 1024
p/pos_image_1069.jpg 1 0 0 750 880
p/pos_image_1067.jpg 1 0 0 600 933
p/pos_image_1065.jpg 1 0 0 718 888
p/pos_image_1064.jpg 1 0 0 480 720
p/pos_image_1063.jpg 1 0 0 3744 5616
p/pos_image_1062.jpg 1 0 0 1200 1009
p/pos_image_1061.jpg 1 0 0 1280 1920
p/pos_image_1060.jpg 1 0 0 1072 1600
p/pos_image_1059.jpg 1 0 0 736 920
p/pos_image_1058.jpg 1 0 0 1200 1800
p/pos_image_1056.jpg 1 0 0 1334 2048
p/pos_image_1055.jpg 1 0 0 1200 1600
p/pos_image_1052.jpg 1 0 0 800 800
p/pos_image_1051.jpg 1 0 0 800 1255
p/pos_image_1050.jpg 1 0 0 650 950
p/pos_image_1049.jpg 1 0 0 2700 4057
p/pos_image_1048.jpg 1 0 0 1000 1400
p/pos_image_1047.jpg 1 0 0 500 678
p/pos_image_1045.jpg 1 0 0 640 640
p/pos_image_1044.jpg 1 0 0 478 810
p/pos_image_1043.jpg 1 0 0 715 1080
p/pos_image_1042.jpg 1 0 0 478 810
p/pos_image_1040.jpg 1 0 0 536 800
p/pos_image_1039.jpg 1 0 0 736 1102
p/pos_image_1038.jpg 1 0 0 627 1024
p/pos_image_1037.jpg 1 0 0 480 360
p/pos_image_1036.jpg 1 0 0 957 1300
p/pos_image_1034.jpg 1 0 0 698 1024
p/pos_image_1033.jpg 1 0 0 640 799
p/pos_image_1032.jpg 1 0 0 1023 1582
p/pos_image_1031.jpg 1 0 0 750 937
p/pos_image_1030.jpg 1 0 0 1200 1792
p/pos_image_1028.jpg 1 0 0 1300 1097
p/pos_image_1027.jpg 1 0 0 1008 1008
p/pos_image_1026.jpg 1 0 0 480 360
p/pos_image_1025.jpg 1 0 0 726 750
p/pos_image_1023.jpg 1 0 0 500 700
p/pos_image_1022.jpg 1 0 0 500 750
p/pos_image_1021.jpg 1 0 0 863 1390
p/pos_image_1020.jpg 1 0 0 465 750
p/pos_image_1019.jpg 1 0 0 736 1104
p/pos_image_1018.jpg 1 0 0 236 378
p/pos_image_1016.jpg 1 0 0 500 750
p/pos_image_1015.jpg 1 0 0 720 888
p/pos_image_1014.jpg 1 0 0 1367 2468
p/pos_image_1012.jpg 1 0 0 644 900
p/pos_image_1011.jpg 1 0 0 342 500
p/pos_image_1010.jpg 1 0 0 800 1186
p/pos_image_1009.jpg 1 0 0 602 900
p/pos_image_1008.jpg 1 0 0 640 960
p/pos_image_1007.jpg 1 0 0 667 1000
p/pos_image_1006.jpg 1 0 0 964 1457
p/pos_image_1004.jpg 1 0 0 736 1328
p/pos_image_1003.jpg 1 0 0 529 720
p/pos_image_1000.jpg 1 0 0 1392 2179
p/pos_image_999.jpg 1 0 0 777 1165
p/pos_image_998.jpg 1 0 0 480 720
p/pos_image_997.jpg 1 0 0 500 741
p/pos_image_996.jpg 1 0 0 460 600
p/pos_image_995.jpg 1 0 0 640 800
p/pos_image_994.jpg 1 0 0 1536 2048
p/pos_image_993.jpg 1 0 0 600 757
p/pos_image_991.jpg 1 0 0 768 960
p/pos_image_989.jpg 1 0 0 318 480
p/pos_image_988.jpg 1 0 0 1234 1600
p/pos_image_987.jpg 1 0 0 2999 3749
p/pos_image_986.jpg 1 0 0 500 710
p/pos_image_985.jpg 1 0 0 736 1061
p/pos_image_984.jpg 1 0 0 908 1127
p/pos_image_983.jpg 1 0 0 747 1024
p/pos_image_982.jpg 1 0 0 685 983
p/pos_image_981.jpg 1 0 0 700 1000
p/pos_image_978.jpg 1 0 0 236 282
p/pos_image_977.jpg 1 0 0 2880 1800
p/pos_image_976.jpg 1 0 0 736 920
p/pos_image_975.jpg 1 0 0 1000 1666
p/pos_image_974.jpg 1 0 0 662 940
p/pos_image_973.jpg 1 0 0 533 800
p/pos_image_972.jpg 1 0 0 688 950
p/pos_image_971.jpg 1 0 0 685 750
p/pos_image_970.jpg 1 0 0 3476 5214
p/pos_image_969.jpg 1 0 0 736 798
p/pos_image_966.jpg 1 0 0 500 750
p/pos_image_965.jpg 1 0 0 1065 1600
p/pos_image_964.jpg 1 0 0 497 750
p/pos_image_963.jpg 1 0 0 631 900
p/pos_image_962.jpg 1 0 0 1000 1412
p/pos_image_961.jpg 1 0 0 1000 1500
p/pos_image_960.jpg 1 0 0 600 422
p/pos_image_959.jpg 1 0 0 444 720
p/pos_image_958.jpg 1 0 0 800 1091
p/pos_image_956.jpg 1 0 0 1300 1390
p/pos_image_954.jpg 1 0 0 1024 862
p/pos_image_953.jpg 1 0 0 1392 2179
p/pos_image_952.jpg 1 0 0 2987 2213
p/pos_image_951.jpg 1 0 0 600 900
p/pos_image_950.jpg 1 0 0 532 800
p/pos_image_949.jpg 1 0 0 952 1334
p/pos_image_948.jpg 1 0 0 777 1165
p/pos_image_947.jpg 1 0 0 361 500
p/pos_image_945.jpg 1 0 0 871 1300
p/pos_image_944.jpg 1 0 0 1920 1080
p/pos_image_942.jpg 1 0 0 640 734
p/pos_image_941.jpg 1 0 0 682 1024
p/pos_image_940.jpg 1 0 0 1024 1536
p/pos_image_939.jpg 1 0 0 960 1280
p/pos_image_938.jpg 1 0 0 2400 3600
p/pos_image_937.jpg 1 0 0 1392 1738
p/pos_image_936.jpg 1 0 0 498 750
p/pos_image_934.jpg 1 0 0 623 350
p/pos_image_933.jpg 1 0 0 736 887
p/pos_image_932.jpg 1 0 0 750 750
p/pos_image_929.jpg 1 0 0 1280 1893
p/pos_image_928.jpg 1 0 0 675 900
p/pos_image_927.jpg 1 0 0 1062 1600
p/pos_image_926.jpg 1 0 0 564 830
p/pos_image_925.jpg 1 0 0 782 1092
p/pos_image_923.jpg 1 0 0 297 400
p/pos_image_922.jpg 1 0 0 730 1102
p/pos_image_921.jpg 1 0 0 553 816
p/pos_image_920.jpg 1 0 0 1414 2121
p/pos_image_919.jpg 1 0 0 5184 3456
p/pos_image_917.jpg 1 0 0 685 1024
p/pos_image_916.jpg 1 0 0 487 720
p/pos_image_915.jpg 1 0 0 640 884
p/pos_image_914.jpg 1 0 0 495 700
p/pos_image_912.jpg 1 0 0 3456 5184
p/pos_image_911.jpg 1 0 0 1280 720
p/pos_image_910.jpg 1 0 0 427 622
p/pos_image_909.jpg 1 0 0 460 640
p/pos_image_908.jpg 1 0 0 500 750
p/pos_image_907.jpg 1 0 0 500 750
p/pos_image_905.jpg 1 0 0 529 720
p/pos_image_904.jpg 1 0 0 720 960
p/pos_image_903.jpg 1 0 0 590 332
p/pos_image_901.jpg 1 0 0 236 354
p/pos_image_900.jpg 1 0 0 1055 1557
p/pos_image_899.jpg 1 0 0 550 733
p/pos_image_898.jpg 1 0 0 683 1024
p/pos_image_897.jpg 1 0 0 736 736
p/pos_image_896.jpg 1 0 0 825 1446
p/pos_image_895.jpg 1 0 0 465 750
p/pos_image_893.jpg 1 0 0 1280 1024
p/pos_image_892.jpg 1 0 0 712 950
p/pos_image_889.jpg 1 0 0 464 640
p/pos_image_888.jpg 1 0 0 750 739
p/pos_image_887.jpg 1 0 0 1024 768
p/pos_image_886.jpg 1 0 0 460 468
p/pos_image_885.jpg 1 0 0 800 1200
p/pos_image_884.jpg 1 0 0 600 609
p/pos_image_883.jpg 1 0 0 696 886
p/pos_image_882.jpg 1 0 0 640 796
p/pos_image_880.jpg 1 0 0 3648 5472
p/pos_image_878.jpg 1 0 0 500 710
p/pos_image_877.jpg 1 0 0 2448 3264
p/pos_image_876.jpg 1 0 0 333 500
p/pos_image_875.jpg 1 0 0 500 596
p/pos_image_874.jpg 1 0 0 600 900
p/pos_image_873.jpg 1 0 0 495 720
p/pos_image_872.jpg 1 0 0 1024 1024
p/pos_image_871.jpg 1 0 0 478 640
p/pos_image_870.jpg 1 0 0 572 784
p/pos_image_867.jpg 1 0 0 960 1300
p/pos_image_866.jpg 1 0 0 502 721
p/pos_image_865.jpg 1 0 0 400 600
p/pos_image_864.jpg 1 0 0 480 720
p/pos_image_863.jpg 1 0 0 236 354
p/pos_image_862.jpg 1 0 0 800 856
p/pos_image_861.jpg 1 0 0 640 640
p/pos_image_860.jpg 1 0 0 479 720
p/pos_image_859.jpg 1 0 0 500 707
p/pos_image_858.jpg 1 0 0 1242 1539
p/pos_image_855.jpg 1 0 0 1280 1707
p/pos_image_854.jpg 1 0 0 442 500
p/pos_image_853.jpg 1 0 0 662 932
p/pos_image_852.jpg 1 0 0 400 619
p/pos_image_851.jpg 1 0 0 736 1156
p/pos_image_850.jpg 1 0 0 1067 1600
p/pos_image_849.jpg 1 0 0 457 642
p/pos_image_848.jpg 1 0 0 497 750
p/pos_image_847.jpg 1 0 0 333 500
p/pos_image_845.jpg 1 0 0 800 533
p/pos_image_843.jpg 1 0 0 736 1104
p/pos_image_842.jpg 1 0 0 1080 1080
p/pos_image_841.jpg 1 0 0 667 1000
p/pos_image_840.jpg 1 0 0 400 600
p/pos_image_839.jpg 1 0 0 1364 2048
p/pos_image_838.jpg 1 0 0 477 750
p/pos_image_837.jpg 1 0 0 1280 720
p/pos_image_836.jpg 1 0 0 920 1300
p/pos_image_834.jpg 1 0 0 846 1329
p/pos_image_833.jpg 1 0 0 736 1104
p/pos_image_831.jpg 1 0 0 317 475
p/pos_image_830.jpg 1 0 0 255 370
p/pos_image_829.jpg 1 0 0 600 900
p/pos_image_828.jpg 1 0 0 899 1255
p/pos_image_827.jpg 1 0 0 730 1102
p/pos_image_826.jpg 1 0 0 320 400
p/pos_image_825.jpg 1 0 0 481 700
p/pos_image_823.jpg 1 0 0 600 900
p/pos_image_822.jpg 1 0 0 656 960
p/pos_image_821.jpg 1 0 0 506 795
p/pos_image_819.jpg 1 0 0 236 378
p/pos_image_818.jpg 1 0 0 635 907
p/pos_image_2492.jpg 1 0 0 1438 2379
p/pos_image_2480.jpg 1 0 0 500 500
p/pos_image_2467.jpg 1 0 0 564 806
p/pos_image_2455.jpg 1 0 0 730 1102
p/pos_image_2443.jpg 1 0 0 683 1024
p/pos_image_2431.jpg 1 0 0 623 350
p/pos_image_2419.jpg 1 0 0 736 1104
p/pos_image_2407.jpg 1 0 0 1000 1488
p/pos_image_2395.jpg 1 0 0 500 750
p/pos_image_2382.jpg 1 0 0 736 1104
p/pos_image_2369.jpg 1 0 0 683 1024
p/pos_image_2356.jpg 1 0 0 400 419
p/pos_image_2344.jpg 1 0 0 566 800
p/pos_image_2332.jpg 1 0 0 600 840
p/pos_image_2320.jpg 1 0 0 736 981
p/pos_image_2308.jpg 1 0 0 610 610
p/pos_image_2296.jpg 1 0 0 620 827
p/pos_image_2284.jpg 1 0 0 667 1000
p/pos_image_2271.jpg 1 0 0 1800 1394
p/pos_image_2259.jpg 1 0 0 768 1024
p/pos_image_2245.jpg 1 0 0 800 1200
p/pos_image_2233.jpg 1 0 0 746 950
p/pos_image_2221.jpg 1 0 0 500 667
p/pos_image_2209.jpg 1 0 0 495 700
p/pos_image_2197.jpg 1 0 0 644 900
p/pos_image_2185.jpg 1 0 0 736 1098
p/pos_image_2173.jpg 1 0 0 721 923
p/pos_image_2160.jpg 1 0 0 602 547
p/pos_image_2148.jpg 1 0 0 392 500
p/pos_image_2136.jpg 1 0 0 683 1024
p/pos_image_2122.jpg 1 0 0 3168 4752
p/pos_image_2110.jpg 1 0 0 1080 1350
p/pos_image_2098.jpg 1 0 0 500 684
p/pos_image_2086.jpg 1 0 0 2223 1452
p/pos_image_2074.jpg 1 0 0 735 849
p/pos_image_2062.jpg 1 0 0 1080 1349
p/pos_image_2049.jpg 1 0 0 500 678
p/pos_image_2037.jpg 1 0 0 721 923
p/pos_image_2025.jpg 1 0 0 1536 2048
p/pos_image_2012.jpg 1 0 0 787 1568
p/pos_image_1999.jpg 1 0 0 618 962
p/pos_image_1987.jpg 1 0 0 600 900
p/pos_image_1975.jpg 1 0 0 777 1165
p/pos_image_1963.jpg 1 0 0 3744 5616
p/pos_image_1951.jpg 1 0 0 1000 1499
p/pos_image_1938.jpg 1 0 0 1000 1500
p/pos_image_1926.jpg 1 0 0 730 1095
p/pos_image_1914.jpg 1 0 0 750 1024
p/pos_image_1901.jpg 1 0 0 675 900
p/pos_image_1889.jpg 1 0 0 682 1024
p/pos_image_1876.jpg 1 0 0 3312 4416
p/pos_image_1864.jpg 1 0 0 1000 1412
p/pos_image_1852.jpg 1 0 0 3744 5616
p/pos_image_1840.jpg 1 0 0 1080 1350
p/pos_image_1827.jpg 1 0 0 750 880
p/pos_image_1815.jpg 1 0 0 600 840
p/pos_image_1803.jpg 1 0 0 1280 1893
p/pos_image_1790.jpg 1 0 0 599 900
p/pos_image_1778.jpg 1 0 0 800 1200
p/pos_image_1766.jpg 1 0 0 635 907
p/pos_image_1753.jpg 1 0 0 961 1200
p/pos_image_1741.jpg 1 0 0 600 905
p/pos_image_1729.jpg 1 0 0 500 750
p/pos_image_1716.jpg 1 0 0 602 861
p/pos_image_1704.jpg 1 0 0 600 900
p/pos_image_1692.jpg 1 0 0 1392 2179
p/pos_image_1679.jpg 1 0 0 500 756
p/pos_image_1646.jpg 1 0 0 1000 1412
p/pos_image_1524.jpg 1 0 0 500 746
p/pos_image_1402.jpg 1 0 0 800 1127
p/pos_image_1269.jpg 1 0 0 2700 4050
p/pos_image_1147.jpg 1 0 0 533 800
p/pos_image_1024.jpg 1 0 0 320 400
p/pos_image_902.jpg 1 0 0 548 733
p/pos_image_2413.jpg 1 0 0 460 468
p/pos_image_2291.jpg 1 0 0 500 706
p/pos_image_2169.jpg 1 0 0 1300 1390
p/pos_image_2046.jpg 1 0 0 623 350
p/pos_image_1924.jpg 1 0 0 3476 5214
p/pos_image_1802.jpg 1 0 0 1392 2179
p/pos_image_1680.jpg 1 0 0 650 950
p/pos_image_1835.jpg 1 0 0 548 827
p/pos_image_1658.jpg 1 0 0 1024 682
p/pos_image_1645.jpg 1 0 0 1000 1551
p/pos_image_1633.jpg 1 0 0 1000 1500
p/pos_image_1621.jpg 1 0 0 615 626
p/pos_image_1609.jpg 1 0 0 736 981
p/pos_image_1597.jpg 1 0 0 533 800
p/pos_image_1585.jpg 1 0 0 500 750
p/pos_image_1573.jpg 1 0 0 1200 1567
p/pos_image_1561.jpg 1 0 0 957 1300
p/pos_image_1548.jpg 1 0 0 2987 2213
p/pos_image_1534.jpg 1 0 0 736 920
p/pos_image_1522.jpg 1 0 0 500 750
p/pos_image_1510.jpg 1 0 0 1280 1792
p/pos_image_1498.jpg 1 0 0 640 963
p/pos_image_1486.jpg 1 0 0 550 782
p/pos_image_1474.jpg 1 0 0 600 757
p/pos_image_1462.jpg 1 0 0 1920 1080
p/pos_image_1450.jpg 1 0 0 1000 1666
p/pos_image_1437.jpg 1 0 0 500 596
p/pos_image_1425.jpg 1 0 0 1280 1920
p/pos_image_1411.jpg 1 0 0 736 920
p/pos_image_1399.jpg 1 0 0 750 898
p/pos_image_1387.jpg 1 0 0 1000 1488
p/pos_image_1375.jpg 1 0 0 636 1002
p/pos_image_1363.jpg 1 0 0 480 360
p/pos_image_1351.jpg 1 0 0 540 719
p/pos_image_1339.jpg 1 0 0 736 1104
p/pos_image_1326.jpg 1 0 0 500 750
p/pos_image_1314.jpg 1 0 0 2592 3828
p/pos_image_1301.jpg 1 0 0 480 720
p/pos_image_1288.jpg 1 0 0 1701 1129
p/pos_image_1276.jpg 1 0 0 667 1000
p/pos_image_1264.jpg 1 0 0 602 547
p/pos_image_1252.jpg 1 0 0 952 1334
p/pos_image_1240.jpg 1 0 0 500 740
p/pos_image_1228.jpg 1 0 0 915 915
p/pos_image_1215.jpg 1 0 0 1200 1327
p/pos_image_1203.jpg 1 0 0 736 1106
p/pos_image_1190.jpg 1 0 0 655 960
p/pos_image_1178.jpg 1 0 0 455 683
p/pos_image_1165.jpg 1 0 0 1027 1333
p/pos_image_1153.jpg 1 0 0 500 750
p/pos_image_1141.jpg 1 0 0 1558 2500
p/pos_image_1129.jpg 1 0 0 912 1280
p/pos_image_1117.jpg 1 0 0 736 920
p/pos_image_1103.jpg 1 0 0 550 678
p/pos_image_1091.jpg 1 0 0 478 810
p/pos_image_1078.jpg 1 0 0 533 800
p/pos_image_1066.jpg 1 0 0 1364 2048
p/pos_image_1054.jpg 1 0 0 5472 3080
p/pos_image_1041.jpg 1 0 0 1072 1600
p/pos_image_1029.jpg 1 0 0 1280 1803
p/pos_image_1017.jpg 1 0 0 1066 1332
p/pos_image_1005.jpg 1 0 0 682 1024
p/pos_image_992.jpg 1 0 0 1280 1754
p/pos_image_980.jpg 1 0 0 800 1120
p/pos_image_967.jpg 1 0 0 2999 3749
p/pos_image_955.jpg 1 0 0 1300 957
p/pos_image_943.jpg 1 0 0 1280 1024
p/pos_image_931.jpg 1 0 0 566 800
p/pos_image_918.jpg 1 0 0 667 1000
p/pos_image_906.jpg 1 0 0 496 750
p/pos_image_894.jpg 1 0 0 500 750
p/pos_image_881.jpg 1 0 0 700 1024
p/pos_image_869.jpg 1 0 0 846 1329
p/pos_image_856.jpg 1 0 0 480 720
p/pos_image_844.jpg 1 0 0 908 1127
p/pos_image_832.jpg 1 0 0 1199 1175
p/pos_image_820.jpg 1 0 0 800 1091
p/pos_image_2381.jpg 1 0 0 3168 4752
p/pos_image_2258.jpg 1 0 0 500 750
p/pos_image_2134.jpg 1 0 0 1500 1875
p/pos_image_2011.jpg 1 0 0 1200 844
p/pos_image_1888.jpg 1 0 0 800 1091
p/pos_image_1765.jpg 1 0 0 700 1000
p/pos_image_1391.jpg 1 0 0 750 1125
p/pos_image_1724.jpg 1 0 0 800 1200
p/pos_image_1547.jpg 1 0 0 960 1280
p/pos_image_1423.jpg 1 0 0 1062 1600
p/pos_image_1300.jpg 1 0 0 650 850
p/pos_image_1177.jpg 1 0 0 478 810
p/pos_image_1053.jpg 1 0 0 735 1028
p/pos_image_930.jpg 1 0 0 800 1059
p/pos_image_1112.jpg 1 0 0 342 447